{"invoice":{"amount":200,"childId":5,"createdAt":"2024-07-07T13:41:28.049Z","invoiceID":5,"parentId":1,"status":"unpaid","updatedAt":"2024-07-07T13:41:28.049Z"},"level":"error","message":"sendInvoiceEmail: Missing parentEmail","timestamp":"2024-07-07T13:41:28.066Z"}
{"amount":"200","childId":"5","error":"Parent email is required","level":"error","message":"createInvoice: Error","parentId":"1","timestamp":"2024-07-07T13:41:28.067Z"}
{"invoice":{"amount":200,"childId":5,"createdAt":"2024-07-07T13:45:46.713Z","invoiceID":6,"parentId":1,"status":"unpaid","updatedAt":"2024-07-07T13:45:46.713Z"},"level":"error","message":"sendInvoiceEmail: Missing parentEmail","timestamp":"2024-07-07T13:45:46.787Z"}
{"amount":"200","childId":"5","error":"Parent email is required","level":"error","message":"createInvoice: Error","parentEmail":"hamouda742@gmail.com","parentId":"1","timestamp":"2024-07-07T13:45:46.789Z"}
{"invoice":{"amount":200,"childId":5,"createdAt":"2024-07-07T13:46:13.252Z","invoiceID":7,"parentId":17,"status":"unpaid","updatedAt":"2024-07-07T13:46:13.252Z"},"level":"error","message":"sendInvoiceEmail: Missing parentEmail","timestamp":"2024-07-07T13:46:13.306Z"}
{"amount":"200","childId":"5","error":"Parent email is required","level":"error","message":"createInvoice: Error","parentEmail":"hamouda742@gmail.com","parentId":"17","timestamp":"2024-07-07T13:46:13.307Z"}
{"invoice":{"amount":200,"childId":5,"createdAt":"2024-07-07T13:47:32.224Z","invoiceID":8,"parentId":17,"status":"unpaid","updatedAt":"2024-07-07T13:47:32.224Z"},"level":"error","message":"sendInvoiceEmail: Missing parentEmail","timestamp":"2024-07-07T13:47:32.244Z"}
{"amount":"200","childId":"5","error":"Parent email is required","level":"error","message":"createInvoice: Error","parentEmail":"hamouda742@gmail.com","parentId":"17","timestamp":"2024-07-07T13:47:32.245Z"}
{"amount":"200","childId":"5","error":"__dirname is not defined","level":"error","message":"createInvoice: Error","parentEmail":"hamouda742@gmail.com","parentId":"17","timestamp":"2024-07-07T13:52:54.599Z"}
{"amount":"200","childId":"5","error":"path is not defined","level":"error","message":"createInvoice: Error","parentEmail":"hamouda742@gmail.com","parentId":"17","timestamp":"2024-07-07T13:54:56.065Z"}
{"amount":"200","childId":"5","error":"notNull Violation: Invoice.childName cannot be null","level":"error","message":"createInvoice: Error","parentId":"17","timestamp":"2024-07-08T11:57:42.922Z"}
{"amount":"200","childId":"5","error":"notNull Violation: Invoice.childName cannot be null","level":"error","message":"createInvoice: Error","parentId":"17","timestamp":"2024-07-08T11:58:53.868Z"}
{"error":"User is associated to Invoice using an alias. You must use the 'as' keyword to specify the alias within your include statement.","level":"error","message":"getAllInvoices: Error","timestamp":"2024-07-08T13:24:25.975Z"}
{"error":"User is associated to Invoice using an alias. You must use the 'as' keyword to specify the alias within your include statement.","level":"error","message":"getAllInvoices: Error","timestamp":"2024-07-08T13:25:40.021Z"}
{"error":"User is associated to Invoice using an alias. You must use the 'as' keyword to specify the alias within your include statement.","level":"error","message":"getAllInvoices: Error","timestamp":"2024-07-08T13:25:49.341Z"}
{"error":"User is associated to Invoice using an alias. You must use the 'as' keyword to specify the alias within your include statement.","level":"error","message":"getAllInvoices: Error","timestamp":"2024-07-08T13:25:50.361Z"}
{"error":"User is associated to Invoice using an alias. You must use the 'as' keyword to specify the alias within your include statement.","level":"error","message":"getAllInvoices: Error","timestamp":"2024-07-08T13:25:52.377Z"}
{"error":"User is associated to Invoice using an alias. You must use the 'as' keyword to specify the alias within your include statement.","level":"error","message":"getAllInvoices: Error","timestamp":"2024-07-08T14:07:44.081Z"}
{"error":"User is associated to Invoice using an alias. You must use the 'as' keyword to specify the alias within your include statement.","level":"error","message":"getAllInvoices: Error","timestamp":"2024-07-08T14:07:45.500Z"}
{"error":"User is associated to Invoice using an alias. You must use the 'as' keyword to specify the alias within your include statement.","level":"error","message":"getAllInvoices: Error","timestamp":"2024-07-08T14:07:46.522Z"}
{"error":"User is associated to Invoice using an alias. You must use the 'as' keyword to specify the alias within your include statement.","level":"error","message":"getAllInvoices: Error","timestamp":"2024-07-08T14:07:50.791Z"}
{"error":"User is associated to Invoice using an alias. You must use the 'as' keyword to specify the alias within your include statement.","level":"error","message":"getAllInvoices: Error","timestamp":"2024-07-08T15:13:16.528Z"}
{"error":"User is associated to Invoice using an alias. You must use the 'as' keyword to specify the alias within your include statement.","level":"error","message":"getAllInvoices: Error","timestamp":"2024-07-08T15:13:33.483Z"}
{"error":"User is associated to Invoice using an alias. You must use the 'as' keyword to specify the alias within your include statement.","level":"error","message":"getAllInvoices: Error","timestamp":"2024-07-08T15:13:34.507Z"}
{"error":"User is associated to Invoice using an alias. You must use the 'as' keyword to specify the alias within your include statement.","level":"error","message":"getAllInvoices: Error","timestamp":"2024-07-08T15:13:36.526Z"}
{"error":"User is associated to Invoice using an alias. You must use the 'as' keyword to specify the alias within your include statement.","level":"error","message":"getAllInvoices: Error","timestamp":"2024-07-08T15:13:52.081Z"}
{"error":"User is associated to Invoice using an alias. You've included an alias (Parent), but it does not match the alias(es) defined in your association (parent).","level":"error","message":"getAllInvoices: Error","timestamp":"2024-07-08T15:16:07.381Z"}
{"error":"User is associated to Invoice using an alias. You've included an alias (Parent), but it does not match the alias(es) defined in your association (parent).","level":"error","message":"getAllInvoices: Error","timestamp":"2024-07-08T15:16:08.399Z"}
{"error":"User is associated to Invoice using an alias. You've included an alias (Parent), but it does not match the alias(es) defined in your association (parent).","level":"error","message":"getAllInvoices: Error","timestamp":"2024-07-08T15:16:10.409Z"}
{"error":"User is associated to Invoice using an alias. You've included an alias (Parent), but it does not match the alias(es) defined in your association (parent).","level":"error","message":"getAllInvoices: Error","timestamp":"2024-07-08T15:16:14.427Z"}
{"error":"User is associated to Invoice using an alias. You've included an alias (Parent), but it does not match the alias(es) defined in your association (parent).","level":"error","message":"getAllInvoices: Error","timestamp":"2024-07-08T15:16:42.004Z"}
{"error":"User is associated to Invoice using an alias. You've included an alias (Parent), but it does not match the alias(es) defined in your association (parent).","level":"error","message":"getAllInvoices: Error","timestamp":"2024-07-08T15:21:00.706Z"}
{"error":"User is associated to Invoice using an alias. You've included an alias (Parent), but it does not match the alias(es) defined in your association (parent).","level":"error","message":"getAllInvoices: Error","timestamp":"2024-07-08T15:21:02.721Z"}
{"error":"User is associated to Invoice using an alias. You've included an alias (Parent), but it does not match the alias(es) defined in your association (parent).","level":"error","message":"getAllInvoices: Error","timestamp":"2024-07-08T15:21:34.295Z"}
{"error":"User is associated to Invoice using an alias. You've included an alias (Parent), but it does not match the alias(es) defined in your association (parent).","level":"error","message":"getAllInvoices: Error","timestamp":"2024-07-08T15:21:35.204Z"}
{"error":"User is associated to Invoice using an alias. You've included an alias (Parent), but it does not match the alias(es) defined in your association (parent).","level":"error","message":"getAllInvoices: Error","timestamp":"2024-07-08T15:21:36.214Z"}
{"error":"User is associated to Invoice using an alias. You've included an alias (Parent), but it does not match the alias(es) defined in your association (parent).","level":"error","message":"getAllInvoices: Error","timestamp":"2024-07-08T15:21:48.416Z"}
{"error":"Child is associated to Invoice using an alias. You've included an alias (child), but it does not match the alias(es) defined in your association (Child).","level":"error","message":"getAllInvoices: Error","timestamp":"2024-07-08T15:25:04.604Z"}
{"error":"Child is associated to Invoice using an alias. You've included an alias (child), but it does not match the alias(es) defined in your association (Child).","level":"error","message":"getAllInvoices: Error","timestamp":"2024-07-08T15:25:08.105Z"}
{"error":"Child is associated to Invoice using an alias. You've included an alias (child), but it does not match the alias(es) defined in your association (Child).","level":"error","message":"getAllInvoices: Error","timestamp":"2024-07-08T15:25:09.215Z"}
{"error":"Child is associated to Invoice using an alias. You've included an alias (child), but it does not match the alias(es) defined in your association (Child).","level":"error","message":"getAllInvoices: Error","timestamp":"2024-07-08T15:25:11.231Z"}
{"error":"Child is associated to Invoice using an alias. You've included an alias (child), but it does not match the alias(es) defined in your association (Child).","level":"error","message":"getAllInvoices: Error","timestamp":"2024-07-08T15:25:15.302Z"}
{"error":"Child is associated to Invoice using an alias. You've included an alias (child), but it does not match the alias(es) defined in your association (Child).","level":"error","message":"getAllInvoices: Error","timestamp":"2024-07-08T15:25:24.517Z"}
{"amount":"200","childId":"9","error":"Cannot read properties of null (reading '1')","level":"error","message":"createInvoice: Error","parentId":"17","timestamp":"2024-07-10T11:04:36.195Z"}
{"amount":"200","childId":"9","error":"Cannot read properties of null (reading '1')","level":"error","message":"createInvoice: Error","parentId":"17","timestamp":"2024-07-10T11:05:12.073Z"}
{"amount":"200","childId":"9","error":"__dirname is not defined","level":"error","message":"createInvoice: Error","parentId":"17","timestamp":"2024-07-10T11:45:34.379Z"}
{"amount":"200","childId":"9","error":"Timed out after waiting 30000ms","level":"error","message":"createInvoice: Error","parentId":"17","timestamp":"2024-07-10T11:46:48.589Z"}
{"error":{"code":"ENOENT","errno":-4058,"path":"C:\\Users\\LEGION\\Desktop\\Jardin d'enfant Ghada\\client\\server\\invoices\\invoice-16.pdf","syscall":"open"},"level":"error","message":"sendInvoiceEmail: PDF generation failed","timestamp":"2024-07-10T11:49:46.106Z"}
{"amount":"200","childId":"9","error":"PDF generation failed","level":"error","message":"createInvoice: Error","parentId":"17","timestamp":"2024-07-10T11:49:46.108Z"}
{"amount":"200","childId":"9","error":"null value in column \"id\" of relation \"Paths\" violates not-null constraint","level":"error","message":"createInvoice: Error","parentId":"17","timestamp":"2024-07-11T10:21:08.074Z"}
{"amount":"200","childId":"9","error":"null value in column \"id\" of relation \"Paths\" violates not-null constraint","level":"error","message":"createInvoice: Error","parentId":"17","timestamp":"2024-07-11T10:22:18.273Z"}
{"amount":"200","childId":"9","error":"null value in column \"id\" of relation \"Paths\" violates not-null constraint","level":"error","message":"createInvoice: Error","parentId":"17","timestamp":"2024-07-11T10:23:23.281Z"}
{"amount":"200","childId":"9","error":"WHERE parameter \"fileId\" has invalid \"undefined\" value","level":"error","message":"createInvoice: Error","parentId":"17","timestamp":"2024-07-11T11:48:20.823Z"}
{"amount":"200","childId":"9","error":"WHERE parameter \"path\" has invalid \"undefined\" value","level":"error","message":"createInvoice: Error","parentId":"17","timestamp":"2024-07-11T11:59:54.332Z"}
{"amount":"200","childId":"9","error":"WHERE parameter \"path\" has invalid \"undefined\" value","level":"error","message":"createInvoice: Error","parentId":"17","timestamp":"2024-07-11T12:10:30.706Z"}
{"error":{},"level":"error","message":"sendInvoiceEmail: Sending email failed","timestamp":"2024-07-11T12:16:51.820Z"}
{"amount":"200","childId":"9","error":"Sending email failed","level":"error","message":"createInvoice: Error","parentId":"17","timestamp":"2024-07-11T12:16:51.820Z"}
{"error":{},"level":"error","message":"sendInvoiceEmail: Sending email failed","timestamp":"2024-07-11T12:20:53.439Z"}
{"amount":"200","childId":"9","error":"Sending email failed","level":"error","message":"createInvoice: Error","parentId":"17","timestamp":"2024-07-11T12:20:53.439Z"}
{"error":{},"level":"error","message":"sendInvoiceEmail: Sending email failed","timestamp":"2024-07-11T12:27:41.990Z"}
{"amount":"200","childId":"9","error":"Sending email failed","level":"error","message":"createInvoice: Error","parentId":"17","timestamp":"2024-07-11T12:27:41.990Z"}
{"error":{},"level":"error","message":"sendInvoiceEmail: Sending email failed","timestamp":"2024-07-11T12:35:50.467Z"}
{"amount":"200","childId":"9","error":"Sending email failed","level":"error","message":"createInvoice: Error","parentId":"17","timestamp":"2024-07-11T12:35:50.467Z"}
{"error":{},"level":"error","message":"sendInvoiceEmail: Sending email failed","timestamp":"2024-07-11T12:40:59.416Z"}
{"amount":"200","childId":"9","error":"Sending email failed","level":"error","message":"createInvoice: Error","parentId":"17","timestamp":"2024-07-11T12:40:59.417Z"}
{"error":{},"level":"error","message":"sendInvoiceEmail: Sending email failed","timestamp":"2024-07-11T12:49:14.387Z"}
{"amount":"200","childId":"9","error":"Sending email failed","level":"error","message":"createInvoice: Error","parentId":"17","timestamp":"2024-07-11T12:49:14.388Z"}
{"error":{},"level":"error","message":"createAndSendInvoice: Sending email failed","timestamp":"2024-07-12T09:43:22.278Z"}
{"amount":"200","childId":"9","error":"Sending email failed","level":"error","message":"createInvoice: Error","parentId":"17","timestamp":"2024-07-12T09:43:22.279Z"}
{"error":{},"level":"error","message":"createAndSendInvoice: Sending email failed","timestamp":"2024-07-12T09:45:52.921Z"}
{"amount":"200","childId":"9","error":"Sending email failed","level":"error","message":"createInvoice: Error","parentId":"17","timestamp":"2024-07-12T09:45:52.922Z"}
{"error":{},"level":"error","message":"createAndSendInvoice: Sending email failed","timestamp":"2024-07-12T09:50:12.598Z"}
{"amount":"200","childId":"9","error":"Sending email failed","level":"error","message":"createInvoice: Error","parentId":"17","timestamp":"2024-07-12T09:50:12.599Z"}
{"error":{},"level":"error","message":"createAndSendInvoice: Sending email failed","timestamp":"2024-07-12T09:51:50.332Z"}
{"amount":"200","childId":"9","error":"Sending email failed","level":"error","message":"createInvoice: Error","parentId":"17","timestamp":"2024-07-12T09:51:50.332Z"}
{"error":{},"level":"error","message":"createAndSendInvoice: Sending email failed","timestamp":"2024-07-12T09:54:04.447Z"}
{"amount":"200","childId":"9","error":"Sending email failed","level":"error","message":"createInvoice: Error","parentId":"17","timestamp":"2024-07-12T09:54:04.448Z"}
{"error":{},"level":"error","message":"createAndSendInvoice: Sending email failed","timestamp":"2024-07-12T09:57:01.142Z"}
{"amount":"200","childId":"9","error":"Sending email failed","level":"error","message":"createInvoice: Error","parentId":"17","timestamp":"2024-07-12T09:57:01.142Z"}
{"error":{},"level":"error","message":"createAndSendInvoice: Sending email failed","timestamp":"2024-07-12T09:59:59.504Z"}
{"amount":"200","childId":"9","error":"Sending email failed","level":"error","message":"createInvoice: Error","parentId":"17","timestamp":"2024-07-12T09:59:59.505Z"}
{"error":"notNull Violation: InvoiceHistory.parentEmail cannot be null,\nnotNull Violation: InvoiceHistory.childName cannot be null,\nnotNull Violation: InvoiceHistory.issueDate cannot be null,\nnotNull Violation: InvoiceHistory.dueDate cannot be null","invoiceID":"1","level":"error","message":"markInvoiceAsPaid: Error","timestamp":"2024-07-12T10:07:24.766Z"}
{"error":"notNull Violation: InvoiceHistory.parentEmail cannot be null,\nnotNull Violation: InvoiceHistory.childName cannot be null,\nnotNull Violation: InvoiceHistory.issueDate cannot be null,\nnotNull Violation: InvoiceHistory.dueDate cannot be null","invoiceID":"1","level":"error","message":"markInvoiceAsPaid: Error","timestamp":"2024-07-12T10:08:20.285Z"}
{"error":"Cannot read properties of undefined (reading 'map')","invoiceID":"1","level":"error","message":"markInvoiceAsPaid: Error","timestamp":"2024-07-12T10:09:57.069Z"}
{"error":"Validation error","invoiceID":"1","level":"error","message":"markInvoiceAsPaid: Error","timestamp":"2024-07-12T10:10:09.219Z"}
{"error":"Validation error","invoiceID":"1","level":"error","message":"markInvoiceAsPaid: Error","timestamp":"2024-07-12T10:12:26.837Z"}
{"error":"Validation error","fields":{"amount":200,"childId":9,"childName":"ghada mahdi","dueDate":"2024-08-11T09:43:16.255Z","invoiceID":1,"issueDate":"2024-07-12T09:43:16.255Z","parentEmail":"hamoudamahdi742@gmail.com","parentId":17,"status":"paid"},"level":"error","message":"markInvoiceAsPaid: Error creating InvoiceHistory","timestamp":"2024-07-12T10:13:24.830Z"}
{"error":"Error creating InvoiceHistory","invoiceID":"1","level":"error","message":"markInvoiceAsPaid: Error","timestamp":"2024-07-12T10:13:24.837Z"}
{"error":"column \"id\" of relation \"InvoiceHistories\" does not exist","fields":{"amount":200,"childId":9,"childName":"ghada mahdi","dueDate":"2024-08-11T09:43:16.255Z","invoiceID":1,"issueDate":"2024-07-12T09:43:16.255Z","parentEmail":"hamoudamahdi742@gmail.com","parentId":17,"status":"paid"},"level":"error","message":"markInvoiceAsPaid: Error creating InvoiceHistory","timestamp":"2024-07-12T10:14:15.318Z"}
{"error":"Error creating InvoiceHistory","invoiceID":"1","level":"error","message":"markInvoiceAsPaid: Error","timestamp":"2024-07-12T10:14:15.319Z"}
{"error":"Cannot read properties of undefined (reading 'map')","invoiceID":"1","level":"error","message":"markInvoiceAsPaid: Error","timestamp":"2024-07-12T10:16:00.834Z"}
{"emailData":{"amount":200,"childName":"ghada mahdi","invoiceID":1},"error":"Cannot read properties of undefined (reading 'map')","level":"error","message":"markInvoiceAsPaid: Error generating email template","timestamp":"2024-07-12T10:17:42.171Z"}
{"error":"Error generating email template","invoiceID":"1","level":"error","message":"markInvoiceAsPaid: Error","timestamp":"2024-07-12T10:17:42.171Z"}
{"error":"Cannot access 'childId' before initialization","invoiceID":"6","level":"error","message":"markInvoiceAsPaid: Error","timestamp":"2024-07-12T10:55:47.168Z"}
{"error":"Cannot access 'childId' before initialization","invoiceID":"6","level":"error","message":"markInvoiceAsPaid: Error","timestamp":"2024-07-12T10:56:35.023Z"}
{"error":"relation \"Invoices\" does not exist","level":"error","message":"getAllInvoices: Error","timestamp":"2024-07-16T11:34:08.961Z"}
{"error":"relation \"Invoices\" does not exist","level":"error","message":"getAllInvoices: Error","timestamp":"2024-07-16T11:34:09.979Z"}
{"error":"column \"nan\" does not exist","level":"error","message":"getAllInvoices: Error","timestamp":"2024-07-16T13:03:41.268Z"}
{"error":"column \"nan\" does not exist","level":"error","message":"getAllInvoices: Error","timestamp":"2024-07-16T13:03:52.099Z"}
{"error":"column \"nan\" does not exist","level":"error","message":"getAllInvoices: Error","timestamp":"2024-07-16T13:03:53.450Z"}
{"error":"column \"nan\" does not exist","level":"error","message":"getAllInvoices: Error","timestamp":"2024-07-16T13:03:54.018Z"}
{"error":"column \"nan\" does not exist","level":"error","message":"getAllInvoices: Error","timestamp":"2024-07-16T13:03:55.043Z"}
{"error":"column \"nan\" does not exist","level":"error","message":"getAllInvoices: Error","timestamp":"2024-07-16T13:03:57.061Z"}
{"error":"column \"nan\" does not exist","level":"error","message":"getAllInvoices: Error","timestamp":"2024-07-16T13:04:01.101Z"}
{"error":"column \"nan\" does not exist","level":"error","message":"getAllInvoices: Error","timestamp":"2024-07-16T13:04:08.266Z"}
{"error":"column \"nan\" does not exist","level":"error","message":"getAllInvoices: Error","timestamp":"2024-07-16T13:04:23.238Z"}
{"amount":"","level":"error","message":"createAndSendInvoice: Missing fields","timestamp":"2024-07-17T11:24:09.897Z"}
{"amount":"","error":"All fields are required","level":"error","message":"createInvoice: Error","timestamp":"2024-07-17T11:24:09.898Z"}
{"error":{"config":{"body":"<<REDACTED> - See `errorRedactor` option in `gaxios` for configuration>.","data":"<<REDACTED> - See `errorRedactor` option in `gaxios` for configuration>.","headers":{"Content-Type":"application/x-www-form-urlencoded","User-Agent":"google-api-nodejs-client/9.11.0","x-goog-api-client":"gl-node/20.11.0"},"method":"POST","responseType":"unknown","retry":true,"retryConfig":{"currentRetryAttempt":0,"httpMethodsToRetry":["GET","PUT","POST","HEAD","OPTIONS","DELETE"],"maxRetryDelay":9007199254740991,"noResponseRetries":2,"retry":3,"retryDelayMultiplier":2,"statusCodesToRetry":[[100,199],[408,408],[429,429],[500,599]],"timeOfFirstRequest":1721386519025,"totalTimeout":9007199254740991},"url":"https://oauth2.googleapis.com/token"},"response":{"config":{"body":"<<REDACTED> - See `errorRedactor` option in `gaxios` for configuration>.","data":"<<REDACTED> - See `errorRedactor` option in `gaxios` for configuration>.","headers":{"Content-Type":"application/x-www-form-urlencoded","User-Agent":"google-api-nodejs-client/9.11.0","x-goog-api-client":"gl-node/20.11.0"},"method":"POST","responseType":"unknown","retry":true,"retryConfig":{"httpMethodsToRetry":["GET","PUT","POST","HEAD","OPTIONS","DELETE"]},"url":"https://oauth2.googleapis.com/token"},"data":{"error":"invalid_grant","error_description":"Token has been expired or revoked."},"headers":{"alt-svc":"h3=\":443\"; ma=2592000,h3-29=\":443\"; ma=2592000","cache-control":"no-cache, no-store, max-age=0, must-revalidate","content-encoding":"gzip","content-type":"application/json; charset=utf-8","date":"Fri, 19 Jul 2024 10:55:20 GMT","expires":"Mon, 01 Jan 1990 00:00:00 GMT","pragma":"no-cache","server":"scaffolding on HTTPServer2","transfer-encoding":"chunked","vary":"Origin, X-Origin, Referer","x-content-type-options":"nosniff","x-frame-options":"SAMEORIGIN","x-xss-protection":"0"},"request":{"responseURL":"https://oauth2.googleapis.com/token"},"status":400,"statusText":"Bad Request"},"status":400},"level":"error","message":"createEvent: Error creating event","timestamp":"2024-07-19T10:55:19.025Z"}
{"error":{},"level":"error","message":"EventController: Error creating event","timestamp":"2024-07-19T10:55:19.028Z"}
{"error":{"config":{"body":"<<REDACTED> - See `errorRedactor` option in `gaxios` for configuration>.","data":"<<REDACTED> - See `errorRedactor` option in `gaxios` for configuration>.","headers":{"Content-Type":"application/x-www-form-urlencoded","User-Agent":"google-api-nodejs-client/9.11.0","x-goog-api-client":"gl-node/20.11.0"},"method":"POST","responseType":"unknown","retry":true,"retryConfig":{"currentRetryAttempt":0,"httpMethodsToRetry":["GET","PUT","POST","HEAD","OPTIONS","DELETE"],"maxRetryDelay":9007199254740991,"noResponseRetries":2,"retry":3,"retryDelayMultiplier":2,"statusCodesToRetry":[[100,199],[408,408],[429,429],[500,599]],"timeOfFirstRequest":1721387130777,"totalTimeout":9007199254740991},"url":"https://oauth2.googleapis.com/token"},"response":{"config":{"body":"<<REDACTED> - See `errorRedactor` option in `gaxios` for configuration>.","data":"<<REDACTED> - See `errorRedactor` option in `gaxios` for configuration>.","headers":{"Content-Type":"application/x-www-form-urlencoded","User-Agent":"google-api-nodejs-client/9.11.0","x-goog-api-client":"gl-node/20.11.0"},"method":"POST","responseType":"unknown","retry":true,"retryConfig":{"httpMethodsToRetry":["GET","PUT","POST","HEAD","OPTIONS","DELETE"]},"url":"https://oauth2.googleapis.com/token"},"data":{"error":"invalid_grant","error_description":"Token has been expired or revoked."},"headers":{"alt-svc":"h3=\":443\"; ma=2592000,h3-29=\":443\"; ma=2592000","cache-control":"no-cache, no-store, max-age=0, must-revalidate","content-encoding":"gzip","content-type":"application/json; charset=utf-8","date":"Fri, 19 Jul 2024 11:05:32 GMT","expires":"Mon, 01 Jan 1990 00:00:00 GMT","pragma":"no-cache","server":"scaffolding on HTTPServer2","transfer-encoding":"chunked","vary":"Origin, X-Origin, Referer","x-content-type-options":"nosniff","x-frame-options":"SAMEORIGIN","x-xss-protection":"0"},"request":{"responseURL":"https://oauth2.googleapis.com/token"},"status":400,"statusText":"Bad Request"},"status":400},"level":"error","message":"createEvent: Error creating event","timestamp":"2024-07-19T11:05:30.778Z"}
{"error":{},"level":"error","message":"EventController: Error creating event","timestamp":"2024-07-19T11:05:30.781Z"}
{"error":{"config":{"body":"<<REDACTED> - See `errorRedactor` option in `gaxios` for configuration>.","data":"<<REDACTED> - See `errorRedactor` option in `gaxios` for configuration>.","headers":{"Content-Type":"application/x-www-form-urlencoded","User-Agent":"google-api-nodejs-client/9.11.0","x-goog-api-client":"gl-node/20.11.0"},"method":"POST","responseType":"unknown","retry":true,"retryConfig":{"currentRetryAttempt":0,"httpMethodsToRetry":["GET","PUT","POST","HEAD","OPTIONS","DELETE"],"maxRetryDelay":9007199254740991,"noResponseRetries":2,"retry":3,"retryDelayMultiplier":2,"statusCodesToRetry":[[100,199],[408,408],[429,429],[500,599]],"timeOfFirstRequest":1721387437347,"totalTimeout":9007199254740991},"url":"https://oauth2.googleapis.com/token"},"response":{"config":{"body":"<<REDACTED> - See `errorRedactor` option in `gaxios` for configuration>.","data":"<<REDACTED> - See `errorRedactor` option in `gaxios` for configuration>.","headers":{"Content-Type":"application/x-www-form-urlencoded","User-Agent":"google-api-nodejs-client/9.11.0","x-goog-api-client":"gl-node/20.11.0"},"method":"POST","responseType":"unknown","retry":true,"retryConfig":{"httpMethodsToRetry":["GET","PUT","POST","HEAD","OPTIONS","DELETE"]},"url":"https://oauth2.googleapis.com/token"},"data":{"error":"invalid_grant","error_description":"Token has been expired or revoked."},"headers":{"alt-svc":"h3=\":443\"; ma=2592000,h3-29=\":443\"; ma=2592000","cache-control":"no-cache, no-store, max-age=0, must-revalidate","content-encoding":"gzip","content-type":"application/json; charset=utf-8","date":"Fri, 19 Jul 2024 11:10:38 GMT","expires":"Mon, 01 Jan 1990 00:00:00 GMT","pragma":"no-cache","server":"scaffolding on HTTPServer2","transfer-encoding":"chunked","vary":"Origin, X-Origin, Referer","x-content-type-options":"nosniff","x-frame-options":"SAMEORIGIN","x-xss-protection":"0"},"request":{"responseURL":"https://oauth2.googleapis.com/token"},"status":400,"statusText":"Bad Request"},"status":400},"level":"error","message":"createEvent: Error creating event","timestamp":"2024-07-19T11:10:37.347Z"}
{"error":{},"level":"error","message":"EventController: Error creating event","timestamp":"2024-07-19T11:10:37.349Z"}
{"error":{},"level":"error","message":"createEvent: Error creating event","timestamp":"2024-07-19T11:13:16.674Z"}
{"error":{},"level":"error","message":"EventController: Error creating event","timestamp":"2024-07-19T11:13:16.675Z"}
{"error":"pattern must be a string!","level":"error","message":"createEvent: Error creating event","stack":"TypeError: pattern must be a string!\n    at validate (C:\\Users\\LEGION\\Desktop\\Jardin d'enfant Ghada\\client\\server\\node_modules\\node-cron\\src\\pattern-validation.js:114:15)\n    at new TimeMatcher (C:\\Users\\LEGION\\Desktop\\Jardin d'enfant Ghada\\client\\server\\node_modules\\node-cron\\src\\time-matcher.js:14:9)\n    at new Scheduler (C:\\Users\\LEGION\\Desktop\\Jardin d'enfant Ghada\\client\\server\\node_modules\\node-cron\\src\\scheduler.js:9:28)\n    at new ScheduledTask (C:\\Users\\LEGION\\Desktop\\Jardin d'enfant Ghada\\client\\server\\node_modules\\node-cron\\src\\scheduled-task.js:22:27)\n    at createTask (C:\\Users\\LEGION\\Desktop\\Jardin d'enfant Ghada\\client\\server\\node_modules\\node-cron\\src\\node-cron.js:36:12)\n    at Object.schedule (C:\\Users\\LEGION\\Desktop\\Jardin d'enfant Ghada\\client\\server\\node_modules\\node-cron\\src\\node-cron.js:25:18)\n    at Module.createEvent (file:///C:/Users/LEGION/Desktop/Jardin%20d'enfant%20Ghada/client/server/services/event.service.js:67:10)\n    at process.processTicksAndRejections (node:internal/process/task_queues:95:5)\n    at async createEvent (file:///C:/Users/LEGION/Desktop/Jardin%20d'enfant%20Ghada/client/server/controllers/event.controller.js:8:19)","timestamp":"2024-07-19T11:16:53.379Z"}
{"error":{},"level":"error","message":"EventController: Error creating event","timestamp":"2024-07-19T11:16:53.381Z"}
{"error":"Bad Request","level":"error","message":"createEvent: Error creating event","stack":"Error: Bad Request\n    at Gaxios._request (C:\\Users\\LEGION\\Desktop\\Jardin d'enfant Ghada\\client\\server\\node_modules\\gaxios\\build\\src\\gaxios.js:142:23)\n    at process.processTicksAndRejections (node:internal/process/task_queues:95:5)\n    at async OAuth2Client.requestAsync (C:\\Users\\LEGION\\Desktop\\Jardin d'enfant Ghada\\client\\server\\node_modules\\google-auth-library\\build\\src\\auth\\oauth2client.js:429:18)\n    at async Module.createEvent (file:///C:/Users/LEGION/Desktop/Jardin%20d'enfant%20Ghada/client/server/services/event.service.js:52:22)\n    at async createEvent (file:///C:/Users/LEGION/Desktop/Jardin%20d'enfant%20Ghada/client/server/controllers/event.controller.js:8:19)","timestamp":"2024-07-26T10:43:45.462Z"}
{"error":{},"level":"error","message":"EventController: Error creating event","timestamp":"2024-07-26T10:43:45.463Z"}
{"error":"Bad Request","level":"error","message":"createEvent: Error creating event","stack":"Error: Bad Request\n    at Gaxios._request (C:\\Users\\LEGION\\Desktop\\Jardin d'enfant Ghada\\client\\server\\node_modules\\gaxios\\build\\src\\gaxios.js:142:23)\n    at process.processTicksAndRejections (node:internal/process/task_queues:95:5)\n    at async OAuth2Client.requestAsync (C:\\Users\\LEGION\\Desktop\\Jardin d'enfant Ghada\\client\\server\\node_modules\\google-auth-library\\build\\src\\auth\\oauth2client.js:429:18)\n    at async Module.createEvent (file:///C:/Users/LEGION/Desktop/Jardin%20d'enfant%20Ghada/client/server/services/event.service.js:52:22)\n    at async createEvent (file:///C:/Users/LEGION/Desktop/Jardin%20d'enfant%20Ghada/client/server/controllers/event.controller.js:8:19)","timestamp":"2024-07-26T10:43:45.952Z"}
{"error":{},"level":"error","message":"EventController: Error creating event","timestamp":"2024-07-26T10:43:45.954Z"}
{"error":"Bad Request","level":"error","message":"createEvent: Error creating event","stack":"Error: Bad Request\n    at Gaxios._request (C:\\Users\\LEGION\\Desktop\\Jardin d'enfant Ghada\\client\\server\\node_modules\\gaxios\\build\\src\\gaxios.js:142:23)\n    at process.processTicksAndRejections (node:internal/process/task_queues:95:5)\n    at async OAuth2Client.requestAsync (C:\\Users\\LEGION\\Desktop\\Jardin d'enfant Ghada\\client\\server\\node_modules\\google-auth-library\\build\\src\\auth\\oauth2client.js:429:18)\n    at async Module.createEvent (file:///C:/Users/LEGION/Desktop/Jardin%20d'enfant%20Ghada/client/server/services/event.service.js:52:22)\n    at async createEvent (file:///C:/Users/LEGION/Desktop/Jardin%20d'enfant%20Ghada/client/server/controllers/event.controller.js:8:19)","timestamp":"2024-07-26T10:51:17.475Z"}
{"error":{},"level":"error","message":"EventController: Error creating event","timestamp":"2024-07-26T10:51:17.476Z"}
{"error":"unauthorized_client","level":"error","message":"createEvent: Error creating event","stack":"Error: unauthorized_client\n    at Gaxios._request (C:\\Users\\LEGION\\Desktop\\Jardin d'enfant Ghada\\client\\server\\node_modules\\gaxios\\build\\src\\gaxios.js:142:23)\n    at process.processTicksAndRejections (node:internal/process/task_queues:95:5)\n    at async OAuth2Client.refreshTokenNoCache (C:\\Users\\LEGION\\Desktop\\Jardin d'enfant Ghada\\client\\server\\node_modules\\google-auth-library\\build\\src\\auth\\oauth2client.js:212:19)\n    at async OAuth2Client.getRequestMetadataAsync (C:\\Users\\LEGION\\Desktop\\Jardin d'enfant Ghada\\client\\server\\node_modules\\google-auth-library\\build\\src\\auth\\oauth2client.js:333:17)\n    at async OAuth2Client.requestAsync (C:\\Users\\LEGION\\Desktop\\Jardin d'enfant Ghada\\client\\server\\node_modules\\google-auth-library\\build\\src\\auth\\oauth2client.js:418:23)\n    at async Module.createEvent (file:///C:/Users/LEGION/Desktop/Jardin%20d'enfant%20Ghada/client/server/services/event.service.js:52:22)\n    at async createEvent (file:///C:/Users/LEGION/Desktop/Jardin%20d'enfant%20Ghada/client/server/controllers/event.controller.js:8:19)","timestamp":"2024-07-26T10:52:58.377Z"}
{"error":{},"level":"error","message":"EventController: Error creating event","timestamp":"2024-07-26T10:52:58.378Z"}
{"error":"unauthorized_client","level":"error","message":"createEvent: Error creating event","stack":"Error: unauthorized_client\n    at Gaxios._request (C:\\Users\\LEGION\\Desktop\\Jardin d'enfant Ghada\\client\\server\\node_modules\\gaxios\\build\\src\\gaxios.js:142:23)\n    at process.processTicksAndRejections (node:internal/process/task_queues:95:5)\n    at async OAuth2Client.refreshTokenNoCache (C:\\Users\\LEGION\\Desktop\\Jardin d'enfant Ghada\\client\\server\\node_modules\\google-auth-library\\build\\src\\auth\\oauth2client.js:212:19)\n    at async OAuth2Client.getRequestMetadataAsync (C:\\Users\\LEGION\\Desktop\\Jardin d'enfant Ghada\\client\\server\\node_modules\\google-auth-library\\build\\src\\auth\\oauth2client.js:333:17)\n    at async OAuth2Client.requestAsync (C:\\Users\\LEGION\\Desktop\\Jardin d'enfant Ghada\\client\\server\\node_modules\\google-auth-library\\build\\src\\auth\\oauth2client.js:418:23)\n    at async Module.createEvent (file:///C:/Users/LEGION/Desktop/Jardin%20d'enfant%20Ghada/client/server/services/event.service.js:52:22)\n    at async createEvent (file:///C:/Users/LEGION/Desktop/Jardin%20d'enfant%20Ghada/client/server/controllers/event.controller.js:8:19)","timestamp":"2024-07-26T10:55:11.430Z"}
{"error":{},"level":"error","message":"EventController: Error creating event","timestamp":"2024-07-26T10:55:11.431Z"}
{"error":"unauthorized_client","level":"error","message":"createEvent: Error creating event","stack":"Error: unauthorized_client\n    at Gaxios._request (C:\\Users\\LEGION\\Desktop\\Jardin d'enfant Ghada\\client\\server\\node_modules\\gaxios\\build\\src\\gaxios.js:142:23)\n    at process.processTicksAndRejections (node:internal/process/task_queues:95:5)\n    at async OAuth2Client.refreshTokenNoCache (C:\\Users\\LEGION\\Desktop\\Jardin d'enfant Ghada\\client\\server\\node_modules\\google-auth-library\\build\\src\\auth\\oauth2client.js:212:19)\n    at async OAuth2Client.getRequestMetadataAsync (C:\\Users\\LEGION\\Desktop\\Jardin d'enfant Ghada\\client\\server\\node_modules\\google-auth-library\\build\\src\\auth\\oauth2client.js:333:17)\n    at async OAuth2Client.requestAsync (C:\\Users\\LEGION\\Desktop\\Jardin d'enfant Ghada\\client\\server\\node_modules\\google-auth-library\\build\\src\\auth\\oauth2client.js:418:23)\n    at async Module.createEvent (file:///C:/Users/LEGION/Desktop/Jardin%20d'enfant%20Ghada/client/server/services/event.service.js:52:22)\n    at async createEvent (file:///C:/Users/LEGION/Desktop/Jardin%20d'enfant%20Ghada/client/server/controllers/event.controller.js:8:19)","timestamp":"2024-07-26T10:57:25.859Z"}
{"error":{},"level":"error","message":"EventController: Error creating event","timestamp":"2024-07-26T10:57:25.860Z"}
{"error":"invalid_grant","level":"error","message":"createEvent: Error creating event","stack":"Error: invalid_grant\n    at Gaxios._request (C:\\Users\\LEGION\\Desktop\\Jardin d'enfant Ghada\\client\\server\\node_modules\\gaxios\\build\\src\\gaxios.js:142:23)\n    at process.processTicksAndRejections (node:internal/process/task_queues:95:5)\n    at async OAuth2Client.refreshTokenNoCache (C:\\Users\\LEGION\\Desktop\\Jardin d'enfant Ghada\\client\\server\\node_modules\\google-auth-library\\build\\src\\auth\\oauth2client.js:212:19)\n    at async OAuth2Client.getRequestMetadataAsync (C:\\Users\\LEGION\\Desktop\\Jardin d'enfant Ghada\\client\\server\\node_modules\\google-auth-library\\build\\src\\auth\\oauth2client.js:333:17)\n    at async OAuth2Client.requestAsync (C:\\Users\\LEGION\\Desktop\\Jardin d'enfant Ghada\\client\\server\\node_modules\\google-auth-library\\build\\src\\auth\\oauth2client.js:418:23)\n    at async Module.createEvent (file:///C:/Users/LEGION/Desktop/Jardin%20d'enfant%20Ghada/client/server/services/event.service.js:52:22)\n    at async createEvent (file:///C:/Users/LEGION/Desktop/Jardin%20d'enfant%20Ghada/client/server/controllers/event.controller.js:8:19)","timestamp":"2024-07-29T08:57:05.957Z"}
{"error":{},"level":"error","message":"EventController: Error creating event","timestamp":"2024-07-29T08:57:05.958Z"}
{"error":"invalid_grant","level":"error","message":"createEvent: Error creating event","stack":"Error: invalid_grant\n    at Gaxios._request (C:\\Users\\LEGION\\Desktop\\Jardin d'enfant Ghada\\client\\server\\node_modules\\gaxios\\build\\src\\gaxios.js:142:23)\n    at process.processTicksAndRejections (node:internal/process/task_queues:95:5)\n    at async OAuth2Client.refreshTokenNoCache (C:\\Users\\LEGION\\Desktop\\Jardin d'enfant Ghada\\client\\server\\node_modules\\google-auth-library\\build\\src\\auth\\oauth2client.js:212:19)\n    at async OAuth2Client.getRequestMetadataAsync (C:\\Users\\LEGION\\Desktop\\Jardin d'enfant Ghada\\client\\server\\node_modules\\google-auth-library\\build\\src\\auth\\oauth2client.js:333:17)\n    at async OAuth2Client.requestAsync (C:\\Users\\LEGION\\Desktop\\Jardin d'enfant Ghada\\client\\server\\node_modules\\google-auth-library\\build\\src\\auth\\oauth2client.js:418:23)\n    at async Module.createEvent (file:///C:/Users/LEGION/Desktop/Jardin%20d'enfant%20Ghada/client/server/services/event.service.js:52:22)\n    at async createEvent (file:///C:/Users/LEGION/Desktop/Jardin%20d'enfant%20Ghada/client/server/controllers/event.controller.js:8:19)","timestamp":"2024-07-29T09:03:43.796Z"}
{"error":{},"level":"error","message":"EventController: Error creating event","timestamp":"2024-07-29T09:03:43.798Z"}
{"error":"invalid_grant","level":"error","message":"createEvent: Error creating event","stack":"Error: invalid_grant\n    at Gaxios._request (C:\\Users\\LEGION\\Desktop\\Jardin d'enfant Ghada\\client\\server\\node_modules\\gaxios\\build\\src\\gaxios.js:142:23)\n    at process.processTicksAndRejections (node:internal/process/task_queues:95:5)\n    at async OAuth2Client.refreshTokenNoCache (C:\\Users\\LEGION\\Desktop\\Jardin d'enfant Ghada\\client\\server\\node_modules\\google-auth-library\\build\\src\\auth\\oauth2client.js:212:19)\n    at async OAuth2Client.getRequestMetadataAsync (C:\\Users\\LEGION\\Desktop\\Jardin d'enfant Ghada\\client\\server\\node_modules\\google-auth-library\\build\\src\\auth\\oauth2client.js:333:17)\n    at async OAuth2Client.requestAsync (C:\\Users\\LEGION\\Desktop\\Jardin d'enfant Ghada\\client\\server\\node_modules\\google-auth-library\\build\\src\\auth\\oauth2client.js:418:23)\n    at async Module.createEvent (file:///C:/Users/LEGION/Desktop/Jardin%20d'enfant%20Ghada/client/server/services/event.service.js:52:22)\n    at async createEvent (file:///C:/Users/LEGION/Desktop/Jardin%20d'enfant%20Ghada/client/server/controllers/event.controller.js:8:19)","timestamp":"2024-07-29T09:06:35.499Z"}
{"error":{},"level":"error","message":"EventController: Error creating event","timestamp":"2024-07-29T09:06:35.501Z"}
{"error":{},"level":"error","message":"createAndSendInvoice: Google Drive upload failed","timestamp":"2024-07-29T09:15:07.002Z"}
{"amount":"250","childId":8,"error":"Google Drive upload failed","level":"error","message":"createInvoice: Error","parentId":30,"timestamp":"2024-07-29T09:15:07.003Z"}
{"error":{},"level":"error","message":"createAndSendInvoice: Google Drive upload failed","timestamp":"2024-07-29T09:21:36.016Z"}
{"amount":"250","childId":8,"error":"Google Drive upload failed","level":"error","message":"createInvoice: Error","parentId":30,"timestamp":"2024-07-29T09:21:36.016Z"}
{"error":{},"level":"error","message":"createAndSendInvoice: Google Drive upload failed","timestamp":"2024-07-29T09:25:15.562Z"}
{"amount":"250","childId":8,"error":"Google Drive upload failed","level":"error","message":"createInvoice: Error","parentId":30,"timestamp":"2024-07-29T09:25:15.562Z"}
{"error":"Bad Request","level":"error","message":"createEvent: Error creating event","stack":"Error: Bad Request\n    at Gaxios._request (C:\\Users\\LEGION\\Desktop\\Jardin d'enfant Ghada\\client\\server\\node_modules\\gaxios\\build\\src\\gaxios.js:142:23)\n    at process.processTicksAndRejections (node:internal/process/task_queues:95:5)\n    at async OAuth2Client.requestAsync (C:\\Users\\LEGION\\Desktop\\Jardin d'enfant Ghada\\client\\server\\node_modules\\google-auth-library\\build\\src\\auth\\oauth2client.js:429:18)\n    at async Module.createEvent (file:///C:/Users/LEGION/Desktop/Jardin%20d'enfant%20Ghada/client/server/services/event.service.js:52:22)\n    at async createEvent (file:///C:/Users/LEGION/Desktop/Jardin%20d'enfant%20Ghada/client/server/controllers/event.controller.js:8:19)","timestamp":"2024-07-29T09:33:05.900Z"}
{"error":{},"level":"error","message":"EventController: Error creating event","timestamp":"2024-07-29T09:33:05.901Z"}
{"description":"meetinggggg","endDate":"2024-07-29T13:32","level":"error","message":"createEvent: Missing fields","startDate":"2024-07-29T12:32","timestamp":"2024-07-29T09:41:40.877Z","title":"heehee"}
{"error":{},"level":"error","message":"EventController: Error creating event","timestamp":"2024-07-29T09:41:40.878Z"}
{"description":"jjjj","endDate":"2024-07-29T12:48:00.000Z","level":"error","message":"createEvent: Missing fields","startDate":"2024-07-29T11:47:00.000Z","timestamp":"2024-07-29T09:48:12.357Z","title":"jjjjj"}
{"error":{},"level":"error","message":"EventController: Error creating event","timestamp":"2024-07-29T09:48:12.358Z"}
{"error":"The specified time range is empty.","level":"error","message":"createEvent: Error creating event","stack":"Error: The specified time range is empty.\n    at Gaxios._request (C:\\Users\\LEGION\\Desktop\\Jardin d'enfant Ghada\\client\\server\\node_modules\\gaxios\\build\\src\\gaxios.js:142:23)\n    at process.processTicksAndRejections (node:internal/process/task_queues:95:5)\n    at async OAuth2Client.requestAsync (C:\\Users\\LEGION\\Desktop\\Jardin d'enfant Ghada\\client\\server\\node_modules\\google-auth-library\\build\\src\\auth\\oauth2client.js:429:18)\n    at async Module.createEvent (file:///C:/Users/LEGION/Desktop/Jardin%20d'enfant%20Ghada/client/server/services/event.service.js:51:22)\n    at async createEvent (file:///C:/Users/LEGION/Desktop/Jardin%20d'enfant%20Ghada/client/server/controllers/event.controller.js:12:19)","timestamp":"2024-07-29T10:02:32.483Z"}
{"error":{},"level":"error","message":"EventController: Error creating event","timestamp":"2024-07-29T10:02:32.484Z"}
{"error":"Bad Request","level":"error","message":"updateEvent: Error updating event","stack":"Error: Bad Request\n    at Gaxios._request (C:\\Users\\LEGION\\Desktop\\Jardin d'enfant Ghada\\client\\server\\node_modules\\gaxios\\build\\src\\gaxios.js:142:23)\n    at process.processTicksAndRejections (node:internal/process/task_queues:95:5)\n    at async OAuth2Client.requestAsync (C:\\Users\\LEGION\\Desktop\\Jardin d'enfant Ghada\\client\\server\\node_modules\\google-auth-library\\build\\src\\auth\\oauth2client.js:429:18)\n    at async Module.updateEvent (file:///C:/Users/LEGION/Desktop/Jardin%20d'enfant%20Ghada/client/server/services/event.service.js:137:5)\n    at async updateEvent (file:///C:/Users/LEGION/Desktop/Jardin%20d'enfant%20Ghada/client/server/controllers/event.controller.js:53:19)","timestamp":"2024-07-29T11:05:54.334Z"}
{"error":{},"level":"error","message":"EventController: Error updating event","timestamp":"2024-07-29T11:05:54.335Z"}
{"error":"Bad Request","level":"error","message":"updateEvent: Error updating event","stack":"Error: Bad Request\n    at Gaxios._request (C:\\Users\\LEGION\\Desktop\\Jardin d'enfant Ghada\\client\\server\\node_modules\\gaxios\\build\\src\\gaxios.js:142:23)\n    at process.processTicksAndRejections (node:internal/process/task_queues:95:5)\n    at async OAuth2Client.requestAsync (C:\\Users\\LEGION\\Desktop\\Jardin d'enfant Ghada\\client\\server\\node_modules\\google-auth-library\\build\\src\\auth\\oauth2client.js:429:18)\n    at async Module.updateEvent (file:///C:/Users/LEGION/Desktop/Jardin%20d'enfant%20Ghada/client/server/services/event.service.js:137:5)\n    at async updateEvent (file:///C:/Users/LEGION/Desktop/Jardin%20d'enfant%20Ghada/client/server/controllers/event.controller.js:53:19)","timestamp":"2024-07-29T11:05:54.435Z"}
{"error":{},"level":"error","message":"EventController: Error updating event","timestamp":"2024-07-29T11:05:54.436Z"}
{"error":"column \"nan\" does not exist","level":"error","message":"getAllInvoices: Error","timestamp":"2024-07-31T11:33:58.192Z"}
{"error":"column \"nan\" does not exist","level":"error","message":"getAllInvoices: Error","timestamp":"2024-07-31T11:34:19.641Z"}
{"invoiceID":"2","level":"error","message":"getInvoiceById: Invoice not found","timestamp":"2024-07-31T11:34:41.752Z"}
{"error":"Invoice not found","invoiceID":"2","level":"error","message":"getInvoiceById: Error","timestamp":"2024-07-31T11:34:41.753Z"}
{"errors":[{"instance":{"id":null,"message":"hello","name":"ahmed mahdi","phonenumber":"\"93819806\"","subject":"rdv"},"message":"contactUs.email cannot be null","origin":"CORE","path":"email","type":"notNull Violation","validatorArgs":[],"validatorKey":"is_null","validatorName":null,"value":null}],"level":"error","message":"Error creating contact message: notNull Violation: contactUs.email cannot be null","name":"SequelizeValidationError","stack":"SequelizeValidationError: notNull Violation: contactUs.email cannot be null\n    at InstanceValidator._validate (C:\\Users\\LEGION\\Desktop\\Jardin d'enfant Ghada\\client\\server\\node_modules\\sequelize\\lib\\instance-validator.js:50:13)\n    at process.processTicksAndRejections (node:internal/process/task_queues:95:5)\n    at async InstanceValidator._validateAndRunHooks (C:\\Users\\LEGION\\Desktop\\Jardin d'enfant Ghada\\client\\server\\node_modules\\sequelize\\lib\\instance-validator.js:60:7)\n    at async InstanceValidator.validate (C:\\Users\\LEGION\\Desktop\\Jardin d'enfant Ghada\\client\\server\\node_modules\\sequelize\\lib\\instance-validator.js:54:12)\n    at async ContactUs.save (C:\\Users\\LEGION\\Desktop\\Jardin d'enfant Ghada\\client\\server\\node_modules\\sequelize\\lib\\model.js:2426:7)\n    at async contactUs.create (C:\\Users\\LEGION\\Desktop\\Jardin d'enfant Ghada\\client\\server\\node_modules\\sequelize\\lib\\model.js:1362:12)\n    at async Module.createContact (file:///C:/Users/LEGION/Desktop/Jardin%20d'enfant%20Ghada/client/server/services/contactUs.service.js:7:21)\n    at async createContact (file:///C:/Users/LEGION/Desktop/Jardin%20d'enfant%20Ghada/client/server/controllers/contactus.controller.js:6:24)","timestamp":"2024-08-06T11:41:29.898Z"}
{"errors":[{"instance":{"id":null,"message":"hello","name":"ahmed mahdi","phonenumber":"\"93819806\"","subject":"rdv"},"message":"contactUs.email cannot be null","origin":"CORE","path":"email","type":"notNull Violation","validatorArgs":[],"validatorKey":"is_null","validatorName":null,"value":null}],"level":"error","message":"Error creating contact message: notNull Violation: contactUs.email cannot be null","name":"SequelizeValidationError","stack":"SequelizeValidationError: notNull Violation: contactUs.email cannot be null\n    at InstanceValidator._validate (C:\\Users\\LEGION\\Desktop\\Jardin d'enfant Ghada\\client\\server\\node_modules\\sequelize\\lib\\instance-validator.js:50:13)\n    at process.processTicksAndRejections (node:internal/process/task_queues:95:5)\n    at async InstanceValidator._validateAndRunHooks (C:\\Users\\LEGION\\Desktop\\Jardin d'enfant Ghada\\client\\server\\node_modules\\sequelize\\lib\\instance-validator.js:60:7)\n    at async InstanceValidator.validate (C:\\Users\\LEGION\\Desktop\\Jardin d'enfant Ghada\\client\\server\\node_modules\\sequelize\\lib\\instance-validator.js:54:12)\n    at async ContactUs.save (C:\\Users\\LEGION\\Desktop\\Jardin d'enfant Ghada\\client\\server\\node_modules\\sequelize\\lib\\model.js:2426:7)\n    at async contactUs.create (C:\\Users\\LEGION\\Desktop\\Jardin d'enfant Ghada\\client\\server\\node_modules\\sequelize\\lib\\model.js:1362:12)\n    at async Module.createContact (file:///C:/Users/LEGION/Desktop/Jardin%20d'enfant%20Ghada/client/server/services/contactUs.service.js:7:21)\n    at async createContact (file:///C:/Users/LEGION/Desktop/Jardin%20d'enfant%20Ghada/client/server/controllers/contactus.controller.js:9:24)","timestamp":"2024-08-06T11:42:09.019Z"}
{"level":"error","message":"Error creating contact: Erreur lors de la cration du message de contact: notNull Violation: contactUs.email cannot be null","stack":"Error: Erreur lors de la cration du message de contact: notNull Violation: contactUs.email cannot be null\n    at Module.createContact (file:///C:/Users/LEGION/Desktop/Jardin%20d'enfant%20Ghada/client/server/services/contactUs.service.js:59:11)\n    at process.processTicksAndRejections (node:internal/process/task_queues:95:5)\n    at async createContact (file:///C:/Users/LEGION/Desktop/Jardin%20d'enfant%20Ghada/client/server/controllers/contactus.controller.js:9:24)","timestamp":"2024-08-06T11:42:09.020Z"}
{"errors":[{"instance":{"id":null,"message":"hello","name":"ahmed mahdi","phonenumber":"93819806","subject":"rdv"},"message":"contactUs.email cannot be null","origin":"CORE","path":"email","type":"notNull Violation","validatorArgs":[],"validatorKey":"is_null","validatorName":null,"value":null}],"level":"error","message":"Error creating contact message: notNull Violation: contactUs.email cannot be null","name":"SequelizeValidationError","stack":"SequelizeValidationError: notNull Violation: contactUs.email cannot be null\n    at InstanceValidator._validate (C:\\Users\\LEGION\\Desktop\\Jardin d'enfant Ghada\\client\\server\\node_modules\\sequelize\\lib\\instance-validator.js:50:13)\n    at process.processTicksAndRejections (node:internal/process/task_queues:95:5)\n    at async InstanceValidator._validateAndRunHooks (C:\\Users\\LEGION\\Desktop\\Jardin d'enfant Ghada\\client\\server\\node_modules\\sequelize\\lib\\instance-validator.js:60:7)\n    at async InstanceValidator.validate (C:\\Users\\LEGION\\Desktop\\Jardin d'enfant Ghada\\client\\server\\node_modules\\sequelize\\lib\\instance-validator.js:54:12)\n    at async ContactUs.save (C:\\Users\\LEGION\\Desktop\\Jardin d'enfant Ghada\\client\\server\\node_modules\\sequelize\\lib\\model.js:2426:7)\n    at async contactUs.create (C:\\Users\\LEGION\\Desktop\\Jardin d'enfant Ghada\\client\\server\\node_modules\\sequelize\\lib\\model.js:1362:12)\n    at async Module.createContact (file:///C:/Users/LEGION/Desktop/Jardin%20d'enfant%20Ghada/client/server/services/contactUs.service.js:7:21)\n    at async createContact (file:///C:/Users/LEGION/Desktop/Jardin%20d'enfant%20Ghada/client/server/controllers/contactus.controller.js:9:24)","timestamp":"2024-08-06T11:43:00.799Z"}
{"level":"error","message":"Error creating contact: Erreur lors de la cration du message de contact: notNull Violation: contactUs.email cannot be null","stack":"Error: Erreur lors de la cration du message de contact: notNull Violation: contactUs.email cannot be null\n    at Module.createContact (file:///C:/Users/LEGION/Desktop/Jardin%20d'enfant%20Ghada/client/server/services/contactUs.service.js:59:11)\n    at process.processTicksAndRejections (node:internal/process/task_queues:95:5)\n    at async createContact (file:///C:/Users/LEGION/Desktop/Jardin%20d'enfant%20Ghada/client/server/controllers/contactus.controller.js:9:24)","timestamp":"2024-08-06T11:43:00.801Z"}
{"errors":[{"instance":{"id":null,"message":"hello","name":"ahmed mahdi","phonenumber":"93819806","subject":"rdv"},"message":"contactUs.email cannot be null","origin":"CORE","path":"email","type":"notNull Violation","validatorArgs":[],"validatorKey":"is_null","validatorName":null,"value":null}],"level":"error","message":"Error creating contact message: notNull Violation: contactUs.email cannot be null","name":"SequelizeValidationError","stack":"SequelizeValidationError: notNull Violation: contactUs.email cannot be null\n    at InstanceValidator._validate (C:\\Users\\LEGION\\Desktop\\Jardin d'enfant Ghada\\client\\server\\node_modules\\sequelize\\lib\\instance-validator.js:50:13)\n    at process.processTicksAndRejections (node:internal/process/task_queues:95:5)\n    at async InstanceValidator._validateAndRunHooks (C:\\Users\\LEGION\\Desktop\\Jardin d'enfant Ghada\\client\\server\\node_modules\\sequelize\\lib\\instance-validator.js:60:7)\n    at async InstanceValidator.validate (C:\\Users\\LEGION\\Desktop\\Jardin d'enfant Ghada\\client\\server\\node_modules\\sequelize\\lib\\instance-validator.js:54:12)\n    at async ContactUs.save (C:\\Users\\LEGION\\Desktop\\Jardin d'enfant Ghada\\client\\server\\node_modules\\sequelize\\lib\\model.js:2426:7)\n    at async contactUs.create (C:\\Users\\LEGION\\Desktop\\Jardin d'enfant Ghada\\client\\server\\node_modules\\sequelize\\lib\\model.js:1362:12)\n    at async Module.createContact (file:///C:/Users/LEGION/Desktop/Jardin%20d'enfant%20Ghada/client/server/services/contactUs.service.js:7:21)\n    at async createContactController (file:///C:/Users/LEGION/Desktop/Jardin%20d'enfant%20Ghada/client/server/controllers/contactus.controller.js:9:24)","timestamp":"2024-08-06T11:45:38.342Z"}
{"level":"error","message":"Error creating contact: Erreur lors de la cration du message de contact: notNull Violation: contactUs.email cannot be null","stack":"Error: Erreur lors de la cration du message de contact: notNull Violation: contactUs.email cannot be null\n    at Module.createContact (file:///C:/Users/LEGION/Desktop/Jardin%20d'enfant%20Ghada/client/server/services/contactUs.service.js:59:11)\n    at process.processTicksAndRejections (node:internal/process/task_queues:95:5)\n    at async createContactController (file:///C:/Users/LEGION/Desktop/Jardin%20d'enfant%20Ghada/client/server/controllers/contactus.controller.js:9:24)","timestamp":"2024-08-06T11:45:38.344Z"}
{"errors":[{"instance":{"id":null,"message":"hello","name":"ahmed mahdi","phonenumber":"93819806","subject":"rdv"},"message":"contactUs.email cannot be null","origin":"CORE","path":"email","type":"notNull Violation","validatorArgs":[],"validatorKey":"is_null","validatorName":null,"value":null}],"level":"error","message":"Error creating contact message: notNull Violation: contactUs.email cannot be null","name":"SequelizeValidationError","stack":"SequelizeValidationError: notNull Violation: contactUs.email cannot be null\n    at InstanceValidator._validate (C:\\Users\\LEGION\\Desktop\\Jardin d'enfant Ghada\\client\\server\\node_modules\\sequelize\\lib\\instance-validator.js:50:13)\n    at process.processTicksAndRejections (node:internal/process/task_queues:95:5)\n    at async InstanceValidator._validateAndRunHooks (C:\\Users\\LEGION\\Desktop\\Jardin d'enfant Ghada\\client\\server\\node_modules\\sequelize\\lib\\instance-validator.js:60:7)\n    at async InstanceValidator.validate (C:\\Users\\LEGION\\Desktop\\Jardin d'enfant Ghada\\client\\server\\node_modules\\sequelize\\lib\\instance-validator.js:54:12)\n    at async ContactUs.save (C:\\Users\\LEGION\\Desktop\\Jardin d'enfant Ghada\\client\\server\\node_modules\\sequelize\\lib\\model.js:2426:7)\n    at async contactUs.create (C:\\Users\\LEGION\\Desktop\\Jardin d'enfant Ghada\\client\\server\\node_modules\\sequelize\\lib\\model.js:1362:12)\n    at async Module.createContact (file:///C:/Users/LEGION/Desktop/Jardin%20d'enfant%20Ghada/client/server/services/contactUs.service.js:7:21)\n    at async createContactController (file:///C:/Users/LEGION/Desktop/Jardin%20d'enfant%20Ghada/client/server/controllers/contactus.controller.js:9:24)","timestamp":"2024-08-06T11:47:05.498Z"}
{"level":"error","message":"Error creating contact: Erreur lors de la cration du message de contact: notNull Violation: contactUs.email cannot be null","stack":"Error: Erreur lors de la cration du message de contact: notNull Violation: contactUs.email cannot be null\n    at Module.createContact (file:///C:/Users/LEGION/Desktop/Jardin%20d'enfant%20Ghada/client/server/services/contactUs.service.js:59:11)\n    at process.processTicksAndRejections (node:internal/process/task_queues:95:5)\n    at async createContactController (file:///C:/Users/LEGION/Desktop/Jardin%20d'enfant%20Ghada/client/server/controllers/contactus.controller.js:9:24)","timestamp":"2024-08-06T11:47:05.500Z"}
{"errors":[{"instance":{"id":null,"message":"hello","name":"ahmed mahdi","phonenumber":"93819806","subject":"rdv"},"message":"contactUs.email cannot be null","origin":"CORE","path":"email","type":"notNull Violation","validatorArgs":[],"validatorKey":"is_null","validatorName":null,"value":null}],"level":"error","message":"Error creating contact message: notNull Violation: contactUs.email cannot be null","name":"SequelizeValidationError","stack":"SequelizeValidationError: notNull Violation: contactUs.email cannot be null\n    at InstanceValidator._validate (C:\\Users\\LEGION\\Desktop\\Jardin d'enfant Ghada\\client\\server\\node_modules\\sequelize\\lib\\instance-validator.js:50:13)\n    at process.processTicksAndRejections (node:internal/process/task_queues:95:5)\n    at async InstanceValidator._validateAndRunHooks (C:\\Users\\LEGION\\Desktop\\Jardin d'enfant Ghada\\client\\server\\node_modules\\sequelize\\lib\\instance-validator.js:60:7)\n    at async InstanceValidator.validate (C:\\Users\\LEGION\\Desktop\\Jardin d'enfant Ghada\\client\\server\\node_modules\\sequelize\\lib\\instance-validator.js:54:12)\n    at async ContactUs.save (C:\\Users\\LEGION\\Desktop\\Jardin d'enfant Ghada\\client\\server\\node_modules\\sequelize\\lib\\model.js:2426:7)\n    at async contactUs.create (C:\\Users\\LEGION\\Desktop\\Jardin d'enfant Ghada\\client\\server\\node_modules\\sequelize\\lib\\model.js:1362:12)\n    at async Module.createContact (file:///C:/Users/LEGION/Desktop/Jardin%20d'enfant%20Ghada/client/server/services/contactUs.service.js:7:21)\n    at async createContactController (file:///C:/Users/LEGION/Desktop/Jardin%20d'enfant%20Ghada/client/server/controllers/contactus.controller.js:9:24)","timestamp":"2024-08-06T11:47:20.998Z"}
{"level":"error","message":"Error creating contact: Erreur lors de la cration du message de contact: notNull Violation: contactUs.email cannot be null","stack":"Error: Erreur lors de la cration du message de contact: notNull Violation: contactUs.email cannot be null\n    at Module.createContact (file:///C:/Users/LEGION/Desktop/Jardin%20d'enfant%20Ghada/client/server/services/contactUs.service.js:59:11)\n    at process.processTicksAndRejections (node:internal/process/task_queues:95:5)\n    at async createContactController (file:///C:/Users/LEGION/Desktop/Jardin%20d'enfant%20Ghada/client/server/controllers/contactus.controller.js:9:24)","timestamp":"2024-08-06T11:47:20.999Z"}
{"errors":[{"instance":{"id":null,"message":"hello","name":"ahmed mahdi","phonenumber":"93819806","subject":"rdv"},"message":"contactUs.email cannot be null","origin":"CORE","path":"email","type":"notNull Violation","validatorArgs":[],"validatorKey":"is_null","validatorName":null,"value":null}],"level":"error","message":"Error creating contact message: notNull Violation: contactUs.email cannot be null","name":"SequelizeValidationError","stack":"SequelizeValidationError: notNull Violation: contactUs.email cannot be null\n    at InstanceValidator._validate (C:\\Users\\LEGION\\Desktop\\Jardin d'enfant Ghada\\client\\server\\node_modules\\sequelize\\lib\\instance-validator.js:50:13)\n    at process.processTicksAndRejections (node:internal/process/task_queues:95:5)\n    at async InstanceValidator._validateAndRunHooks (C:\\Users\\LEGION\\Desktop\\Jardin d'enfant Ghada\\client\\server\\node_modules\\sequelize\\lib\\instance-validator.js:60:7)\n    at async InstanceValidator.validate (C:\\Users\\LEGION\\Desktop\\Jardin d'enfant Ghada\\client\\server\\node_modules\\sequelize\\lib\\instance-validator.js:54:12)\n    at async ContactUs.save (C:\\Users\\LEGION\\Desktop\\Jardin d'enfant Ghada\\client\\server\\node_modules\\sequelize\\lib\\model.js:2426:7)\n    at async contactUs.create (C:\\Users\\LEGION\\Desktop\\Jardin d'enfant Ghada\\client\\server\\node_modules\\sequelize\\lib\\model.js:1362:12)\n    at async Module.createContact (file:///C:/Users/LEGION/Desktop/Jardin%20d'enfant%20Ghada/client/server/services/contactUs.service.js:8:21)\n    at async createContactController (file:///C:/Users/LEGION/Desktop/Jardin%20d'enfant%20Ghada/client/server/controllers/contactus.controller.js:9:24)","timestamp":"2024-08-06T11:48:30.847Z"}
{"level":"error","message":"Error creating contact: Erreur lors de la cration du message de contact: notNull Violation: contactUs.email cannot be null","stack":"Error: Erreur lors de la cration du message de contact: notNull Violation: contactUs.email cannot be null\n    at Module.createContact (file:///C:/Users/LEGION/Desktop/Jardin%20d'enfant%20Ghada/client/server/services/contactUs.service.js:62:11)\n    at process.processTicksAndRejections (node:internal/process/task_queues:95:5)\n    at async createContactController (file:///C:/Users/LEGION/Desktop/Jardin%20d'enfant%20Ghada/client/server/controllers/contactus.controller.js:9:24)","timestamp":"2024-08-06T11:48:30.848Z"}
{"errors":[{"instance":{"id":null,"message":"hello","name":"ahmed mahdi","phonenumber":"93819806","subject":"rdv"},"message":"contactUs.email cannot be null","origin":"CORE","path":"email","type":"notNull Violation","validatorArgs":[],"validatorKey":"is_null","validatorName":null,"value":null}],"level":"error","message":"Error creating contact message: notNull Violation: contactUs.email cannot be null","name":"SequelizeValidationError","stack":"SequelizeValidationError: notNull Violation: contactUs.email cannot be null\n    at InstanceValidator._validate (C:\\Users\\LEGION\\Desktop\\Jardin d'enfant Ghada\\client\\server\\node_modules\\sequelize\\lib\\instance-validator.js:50:13)\n    at process.processTicksAndRejections (node:internal/process/task_queues:95:5)\n    at async InstanceValidator._validateAndRunHooks (C:\\Users\\LEGION\\Desktop\\Jardin d'enfant Ghada\\client\\server\\node_modules\\sequelize\\lib\\instance-validator.js:60:7)\n    at async InstanceValidator.validate (C:\\Users\\LEGION\\Desktop\\Jardin d'enfant Ghada\\client\\server\\node_modules\\sequelize\\lib\\instance-validator.js:54:12)\n    at async ContactUs.save (C:\\Users\\LEGION\\Desktop\\Jardin d'enfant Ghada\\client\\server\\node_modules\\sequelize\\lib\\model.js:2426:7)\n    at async contactUs.create (C:\\Users\\LEGION\\Desktop\\Jardin d'enfant Ghada\\client\\server\\node_modules\\sequelize\\lib\\model.js:1362:12)\n    at async Module.createContact (file:///C:/Users/LEGION/Desktop/Jardin%20d'enfant%20Ghada/client/server/services/contactUs.service.js:8:21)\n    at async createContactController (file:///C:/Users/LEGION/Desktop/Jardin%20d'enfant%20Ghada/client/server/controllers/contactus.controller.js:9:24)","timestamp":"2024-08-06T11:51:55.658Z"}
{"level":"error","message":"Error creating contact: Erreur lors de la cration du message de contact: notNull Violation: contactUs.email cannot be null","stack":"Error: Erreur lors de la cration du message de contact: notNull Violation: contactUs.email cannot be null\n    at Module.createContact (file:///C:/Users/LEGION/Desktop/Jardin%20d'enfant%20Ghada/client/server/services/contactUs.service.js:62:11)\n    at process.processTicksAndRejections (node:internal/process/task_queues:95:5)\n    at async createContactController (file:///C:/Users/LEGION/Desktop/Jardin%20d'enfant%20Ghada/client/server/controllers/contactus.controller.js:9:24)","timestamp":"2024-08-06T11:51:55.660Z"}
{"errors":[{"instance":{"id":null,"message":"hello","name":"ahmed mahdi","phonenumber":"93819806","subject":"rdv"},"message":"contactUs.email cannot be null","origin":"CORE","path":"email","type":"notNull Violation","validatorArgs":[],"validatorKey":"is_null","validatorName":null,"value":null}],"level":"error","message":"Error creating contact message: notNull Violation: contactUs.email cannot be null","name":"SequelizeValidationError","stack":"SequelizeValidationError: notNull Violation: contactUs.email cannot be null\n    at InstanceValidator._validate (C:\\Users\\LEGION\\Desktop\\Jardin d'enfant Ghada\\client\\server\\node_modules\\sequelize\\lib\\instance-validator.js:50:13)\n    at process.processTicksAndRejections (node:internal/process/task_queues:95:5)\n    at async InstanceValidator._validateAndRunHooks (C:\\Users\\LEGION\\Desktop\\Jardin d'enfant Ghada\\client\\server\\node_modules\\sequelize\\lib\\instance-validator.js:60:7)\n    at async InstanceValidator.validate (C:\\Users\\LEGION\\Desktop\\Jardin d'enfant Ghada\\client\\server\\node_modules\\sequelize\\lib\\instance-validator.js:54:12)\n    at async ContactUs.save (C:\\Users\\LEGION\\Desktop\\Jardin d'enfant Ghada\\client\\server\\node_modules\\sequelize\\lib\\model.js:2426:7)\n    at async contactUs.create (C:\\Users\\LEGION\\Desktop\\Jardin d'enfant Ghada\\client\\server\\node_modules\\sequelize\\lib\\model.js:1362:12)\n    at async Module.createContact (file:///C:/Users/LEGION/Desktop/Jardin%20d'enfant%20Ghada/client/server/services/contactUs.service.js:8:21)\n    at async createContactController (file:///C:/Users/LEGION/Desktop/Jardin%20d'enfant%20Ghada/client/server/controllers/contactus.controller.js:9:24)","timestamp":"2024-08-06T11:52:49.816Z"}
{"level":"error","message":"Error creating contact: Erreur lors de la cration du message de contact: notNull Violation: contactUs.email cannot be null","stack":"Error: Erreur lors de la cration du message de contact: notNull Violation: contactUs.email cannot be null\n    at Module.createContact (file:///C:/Users/LEGION/Desktop/Jardin%20d'enfant%20Ghada/client/server/services/contactUs.service.js:62:11)\n    at process.processTicksAndRejections (node:internal/process/task_queues:95:5)\n    at async createContactController (file:///C:/Users/LEGION/Desktop/Jardin%20d'enfant%20Ghada/client/server/controllers/contactus.controller.js:9:24)","timestamp":"2024-08-06T11:52:49.818Z"}
{"level":"error","message":"Error creating contact message: column \"phone\" of relation \"contactUs\" does not exist","name":"SequelizeDatabaseError","original":{"code":"42703","file":"parse_target.c","length":127,"line":"1066","name":"error","parameters":["ahmed mahdi","ahmed.mahdi@enis.tn","93819806","Demande de rendez-vous pour visiter la garderie","hello"],"position":"46","routine":"checkInsertTargets","severity":"ERROR","sql":"INSERT INTO \"contactUs\" (\"id\",\"name\",\"email\",\"phone\",\"subject\",\"message\") VALUES (DEFAULT,$1,$2,$3,$4,$5) RETURNING \"id\",\"name\",\"email\",\"phone\",\"subject\",\"message\";"},"parameters":["ahmed mahdi","ahmed.mahdi@enis.tn","93819806","Demande de rendez-vous pour visiter la garderie","hello"],"parent":{"code":"42703","file":"parse_target.c","length":127,"line":"1066","name":"error","parameters":["ahmed mahdi","ahmed.mahdi@enis.tn","93819806","Demande de rendez-vous pour visiter la garderie","hello"],"position":"46","routine":"checkInsertTargets","severity":"ERROR","sql":"INSERT INTO \"contactUs\" (\"id\",\"name\",\"email\",\"phone\",\"subject\",\"message\") VALUES (DEFAULT,$1,$2,$3,$4,$5) RETURNING \"id\",\"name\",\"email\",\"phone\",\"subject\",\"message\";"},"sql":"INSERT INTO \"contactUs\" (\"id\",\"name\",\"email\",\"phone\",\"subject\",\"message\") VALUES (DEFAULT,$1,$2,$3,$4,$5) RETURNING \"id\",\"name\",\"email\",\"phone\",\"subject\",\"message\";","stack":"Error\n    at Query.run (C:\\Users\\LEGION\\Desktop\\Jardin d'enfant Ghada\\client\\server\\node_modules\\sequelize\\lib\\dialects\\postgres\\query.js:50:25)\n    at C:\\Users\\LEGION\\Desktop\\Jardin d'enfant Ghada\\client\\server\\node_modules\\sequelize\\lib\\sequelize.js:315:28\n    at process.processTicksAndRejections (node:internal/process/task_queues:95:5)\n    at async PostgresQueryInterface.insert (C:\\Users\\LEGION\\Desktop\\Jardin d'enfant Ghada\\client\\server\\node_modules\\sequelize\\lib\\dialects\\abstract\\query-interface.js:308:21)\n    at async ContactUs.save (C:\\Users\\LEGION\\Desktop\\Jardin d'enfant Ghada\\client\\server\\node_modules\\sequelize\\lib\\model.js:2490:35)\n    at async contactUs.create (C:\\Users\\LEGION\\Desktop\\Jardin d'enfant Ghada\\client\\server\\node_modules\\sequelize\\lib\\model.js:1362:12)\n    at async Module.createContact (file:///C:/Users/LEGION/Desktop/Jardin%20d'enfant%20Ghada/client/server/services/contactUs.service.js:9:21)\n    at async createContactController (file:///C:/Users/LEGION/Desktop/Jardin%20d'enfant%20Ghada/client/server/controllers/contactus.controller.js:9:24)","timestamp":"2024-08-07T12:25:22.855Z"}
{"level":"error","message":"Error creating contact: Erreur lors de la cration du message de contact: column \"phone\" of relation \"contactUs\" does not exist","stack":"Error: Erreur lors de la cration du message de contact: column \"phone\" of relation \"contactUs\" does not exist\n    at Module.createContact (file:///C:/Users/LEGION/Desktop/Jardin%20d'enfant%20Ghada/client/server/services/contactUs.service.js:63:11)\n    at process.processTicksAndRejections (node:internal/process/task_queues:95:5)\n    at async createContactController (file:///C:/Users/LEGION/Desktop/Jardin%20d'enfant%20Ghada/client/server/controllers/contactus.controller.js:9:24)","timestamp":"2024-08-07T12:25:22.858Z"}
